#
# A fatal error has been detected by the Java Runtime Environment:
#
#  Internal Error (0xc0000029), pid=93680, tid=93780
#
# JRE version: 7.0_25-b17
# Java VM: Java HotSpot(TM) Client VM (23.25-b01 mixed mode, sharing windows-x86 )
# Problematic frame:
# C  [ntdll.dll+0x8de35]  RtlTimeToElapsedTimeFields+0x149a1
#
# Failed to write core dump. Minidumps are not enabled by default on client versions of Windows
#
# If you would like to submit a bug report, please visit:
#   http://bugreport.sun.com/bugreport/crash.jsp
# The crash happened outside the Java Virtual Machine in native code.
# See problematic frame for where to report the bug.
#

---------------  T H R E A D  ---------------

Current thread (0x03ee1000):  JavaThread "Thread-1" [_thread_in_native, id=93780, stack(0x042e0000,0x04330000)]

siginfo: ExceptionCode=0xc0000029

Registers:
EAX=0x0432f128, EBX=0x0432fb0c, ECX=0x0432f180, EDX=0x0432f0bc
ESP=0x0432f0cc, EBP=0x0432f454, ESI=0x0432f474, EDI=0x00000001
EIP=0x7719de35, EFLAGS=0x00200246

Top of Stack: (sp=0x0432f0cc)
0x0432f0cc:   03fc2250 03ee1128 0432f374 019f0464
0x0432f0dc:   019e29c8 00000000 0432f1d0 0432f1ac
0x0432f0ec:   6eaf969d 03edeab0 6eaf96ca 336d13f0
0x0432f0fc:   000000bb 0432f1d8 0432f1ac 019f0464
0x0432f10c:   019e29c8 00000000 0432f1d0 0432f1ac
0x0432f11c:   0432f1ac 019f0464 019e29c8 c0000029
0x0432f12c:   00000001 0432f474 7719de35 00000000
0x0432f13c:   00000000 0432f208 0432f1d8 0432f1d8 

Instructions: (pc=0x7719de35)
0x7719de15:   d4 fc ff ff 50 c7 85 d4 fc ff ff 29 00 00 c0 89
0x7719de25:   bd d8 fc ff ff 89 b5 dc fc ff ff e8 d3 86 fb ff
0x7719de35:   e9 75 b1 f9 ff 48 48 74 2e 83 a5 e4 fc ff ff 00
0x7719de45:   8d 85 d4 fc ff ff 50 c7 85 d4 fc ff ff 26 00 00 


Register to memory mapping:

EAX=0x0432f128 is pointing into the stack for thread: 0x03ee1000
EBX=0x0432fb0c is pointing into the stack for thread: 0x03ee1000
ECX=0x0432f180 is pointing into the stack for thread: 0x03ee1000
EDX=0x0432f0bc is pointing into the stack for thread: 0x03ee1000
ESP=0x0432f0cc is pointing into the stack for thread: 0x03ee1000
EBP=0x0432f454 is pointing into the stack for thread: 0x03ee1000
ESI=0x0432f474 is pointing into the stack for thread: 0x03ee1000
EDI=0x00000001 is an unknown value


Stack: [0x042e0000,0x04330000],  sp=0x0432f0cc,  free space=316k
Native frames: (J=compiled Java code, j=interpreted, Vv=VM code, C=native code)
C  [ntdll.dll+0x8de35]  RtlTimeToElapsedTimeFields+0x149a1

Java frames: (J=compiled Java code, j=interpreted, Vv=VM code)
j  sun.font.T2KFontScaler.getGlyphImageNative(Lsun/font/Font2D;JJI)J+0
j  sun.font.T2KFontScaler.getGlyphImage(JI)J+26
J  sun.font.FileFontStrike.getGlyphImagePtrs([I[JI)V
J  sun.font.GlyphList.mapChars(Lsun/java2d/loops/FontInfo;I)Z
J  sun.font.GlyphList.setFromString(Lsun/java2d/loops/FontInfo;Ljava/lang/String;FF)Z
J  sun.java2d.pipe.GlyphListPipe.drawString(Lsun/java2d/SunGraphics2D;Ljava/lang/String;DD)V
J  sun.java2d.SunGraphics2D.drawString(Ljava/lang/String;II)V
j  com.gamesbykevin.mario.level.hud.Hud.render(Ljava/awt/Graphics;)V+185
j  com.gamesbykevin.mario.manager.Manager.render(Ljava/awt/Graphics;)V+35
j  com.gamesbykevin.mario.engine.Engine.render(Ljava/awt/Graphics;)V+95
j  com.gamesbykevin.mario.main.Main.renderImage()V+58
j  com.gamesbykevin.mario.main.Main.run()V+57
v  ~StubRoutines::call_stub

---------------  P R O C E S S  ---------------

Java Threads: ( => current thread )
  0x004ea400 JavaThread "DestroyJavaVM" [_thread_blocked, id=93720, stack(0x01290000,0x012e0000)]
  0x03eee400 JavaThread "AWT-EventQueue-0" [_thread_blocked, id=93784, stack(0x03a60000,0x03ab0000)]
=>0x03ee1000 JavaThread "Thread-1" [_thread_in_native, id=93780, stack(0x042e0000,0x04330000)]
  0x03e6a400 JavaThread "AWT-Shutdown" [_thread_blocked, id=93768, stack(0x04180000,0x041d0000)]
  0x03e67800 JavaThread "Java2D Disposer" daemon [_thread_blocked, id=93764, stack(0x03b60000,0x03bb0000)]
  0x018af400 JavaThread "Service Thread" daemon [_thread_blocked, id=93756, stack(0x03df0000,0x03e40000)]
  0x0188bc00 JavaThread "C1 CompilerThread0" daemon [_thread_blocked, id=93752, stack(0x03bd0000,0x03c20000)]
  0x0188a800 JavaThread "Attach Listener" daemon [_thread_blocked, id=93748, stack(0x03d10000,0x03d60000)]
  0x01887400 JavaThread "Signal Dispatcher" daemon [_thread_blocked, id=93744, stack(0x03c30000,0x03c80000)]
  0x01877000 JavaThread "Finalizer" daemon [_thread_blocked, id=93732, stack(0x03b10000,0x03b60000)]
  0x01871c00 JavaThread "Reference Handler" daemon [_thread_blocked, id=93728, stack(0x03a10000,0x03a60000)]

Other Threads:
  0x01870400 VMThread [stack: 0x018c0000,0x01910000] [id=93724]
  0x018b1400 WatcherThread [stack: 0x03da0000,0x03df0000] [id=93760]

VM state:not at safepoint (normal execution)

VM Mutex/Monitor currently owned by a thread: None

Heap
 def new generation   total 9152K, used 7397K [0x23470000, 0x23e50000, 0x289c0000)
  eden space 8192K,  90% used [0x23470000, 0x23ba9590, 0x23c70000)
  from space 960K,   0% used [0x23d60000, 0x23d60140, 0x23e50000)
  to   space 960K,   0% used [0x23c70000, 0x23c70000, 0x23d60000)
 tenured generation   total 20164K, used 13664K [0x289c0000, 0x29d71000, 0x33470000)
   the space 20164K,  67% used [0x289c0000, 0x29718290, 0x29718400, 0x29d71000)
 compacting perm gen  total 12288K, used 2437K [0x33470000, 0x34070000, 0x37470000)
   the space 12288K,  19% used [0x33470000, 0x336d1638, 0x336d1800, 0x34070000)
    ro space 10240K,  45% used [0x37470000, 0x378f9b28, 0x378f9c00, 0x37e70000)
    rw space 12288K,  54% used [0x37e70000, 0x384fd0e8, 0x384fd200, 0x38a70000)

Card table byte_map: [0x012e0000,0x01390000] byte_map_base: 0x011c5c80

Polling page: 0x00190000

Code Cache  [0x019e0000, 0x01b30000, 0x039e0000)
 total_blobs=665 nmethods=432 adapters=168 free_code_cache=31425Kb largest_free_block=32178752

Compilation events (10 events):
Event: 14.728 Thread 0x0188bc00  426             sun.misc.SharedSecrets::getJavaLangAccess (4 bytes)
Event: 14.728 Thread 0x0188bc00 nmethod 426 0x01b2ee48 code [0x01b2ef40, 0x01b2efb0]
Event: 14.729 Thread 0x0188bc00  427             java.nio.channels.spi.AbstractInterruptibleChannel::isOpen (5 bytes)
Event: 14.729 Thread 0x0188bc00 nmethod 427 0x01b2f008 code [0x01b2f100, 0x01b2f180]
Event: 14.729 Thread 0x0188bc00  428             java.nio.channels.spi.AbstractInterruptibleChannel::blockedOn (13 bytes)
Event: 14.729 Thread 0x0188bc00 nmethod 428 0x01b2f1c8 code [0x01b2f2d0, 0x01b2f510]
Event: 14.729 Thread 0x0188bc00  429             java.lang.System$2::blockedOn (6 bytes)
Event: 14.729 Thread 0x0188bc00 nmethod 429 0x01b2f648 code [0x01b2f740, 0x01b2f950]
Event: 14.729 Thread 0x0188bc00  430   !         java.lang.Thread::blockedOn (23 bytes)
Event: 14.729 Thread 0x0188bc00 nmethod 430 0x01b2fa48 code [0x01b2fb40, 0x01b2fd40]

GC Heap History (10 events):
Event: 1.407 GC heap before
{Heap before GC invocations=3 (full 1):
 def new generation   total 4992K, used 4480K [0x23470000, 0x239d0000, 0x289c0000)
  eden space 4480K, 100% used [0x23470000, 0x238d0000, 0x238d0000)
  from space 512K,   0% used [0x23950000, 0x23950160, 0x239d0000)
  to   space 512K,   0% used [0x238d0000, 0x238d0000, 0x23950000)
 tenured generation   total 20164K, used 13274K [0x289c0000, 0x29d71000, 0x33470000)
   the space 20164K,  65% used [0x289c0000, 0x296b6978, 0x296b6a00, 0x29d71000)
 compacting perm gen  total 12288K, used 2182K [0x33470000, 0x34070000, 0x37470000)
   the space 12288K,  17% used [0x33470000, 0x33691b10, 0x33691c00, 0x34070000)
    ro space 10240K,  45% used [0x37470000, 0x378f9b28, 0x378f9c00, 0x37e70000)
    rw space 12288K,  54% used [0x37e70000, 0x384fd0e8, 0x384fd200, 0x38a70000)
Event: 1.408 GC heap after
Heap after GC invocations=4 (full 1):
 def new generation   total 4992K, used 0K [0x23470000, 0x239d0000, 0x289c0000)
  eden space 4480K,   0% used [0x23470000, 0x23470000, 0x238d0000)
  from space 512K,   0% used [0x238d0000, 0x238d0160, 0x23950000)
  to   space 512K,   0% used [0x23950000, 0x23950000, 0x239d0000)
 tenured generation   total 20164K, used 13274K [0x289c0000, 0x29d71000, 0x33470000)
   the space 20164K,  65% used [0x289c0000, 0x296b6978, 0x296b6a00, 0x29d71000)
 compacting perm gen  total 12288K, used 2182K [0x33470000, 0x34070000, 0x37470000)
   the space 12288K,  17% used [0x33470000, 0x33691b10, 0x33691c00, 0x34070000)
    ro space 10240K,  45% used [0x37470000, 0x378f9b28, 0x378f9c00, 0x37e70000)
    rw space 12288K,  54% used [0x37e70000, 0x384fd0e8, 0x384fd200, 0x38a70000)
}
Event: 1.509 GC heap before
{Heap before GC invocations=4 (full 1):
 def new generation   total 4992K, used 4480K [0x23470000, 0x239d0000, 0x289c0000)
  eden space 4480K, 100% used [0x23470000, 0x238d0000, 0x238d0000)
  from space 512K,   0% used [0x238d0000, 0x238d0160, 0x23950000)
  to   space 512K,   0% used [0x23950000, 0x23950000, 0x239d0000)
 tenured generation   total 20164K, used 13274K [0x289c0000, 0x29d71000, 0x33470000)
   the space 20164K,  65% used [0x289c0000, 0x296b6978, 0x296b6a00, 0x29d71000)
 compacting perm gen  total 12288K, used 2336K [0x33470000, 0x34070000, 0x37470000)
   the space 12288K,  19% used [0x33470000, 0x336b80c8, 0x336b8200, 0x34070000)
    ro space 10240K,  45% used [0x37470000, 0x378f9b28, 0x378f9c00, 0x37e70000)
    rw space 12288K,  54% used [0x37e70000, 0x384fd0e8, 0x384fd200, 0x38a70000)
Event: 1.511 GC heap after
Heap after GC invocations=5 (full 1):
 def new generation   total 4992K, used 426K [0x23470000, 0x239d0000, 0x289c0000)
  eden space 4480K,   0% used [0x23470000, 0x23470000, 0x238d0000)
  from space 512K,  83% used [0x23950000, 0x239babb8, 0x239d0000)
  to   space 512K,   0% used [0x238d0000, 0x238d0000, 0x23950000)
 tenured generation   total 20164K, used 13274K [0x289c0000, 0x29d71000, 0x33470000)
   the space 20164K,  65% used [0x289c0000, 0x296b6978, 0x296b6a00, 0x29d71000)
 compacting perm gen  total 12288K, used 2336K [0x33470000, 0x34070000, 0x37470000)
   the space 12288K,  19% used [0x33470000, 0x336b80c8, 0x336b8200, 0x34070000)
    ro space 10240K,  45% used [0x37470000, 0x378f9b28, 0x378f9c00, 0x37e70000)
    rw space 12288K,  54% used [0x37e70000, 0x384fd0e8, 0x384fd200, 0x38a70000)
}
Event: 8.632 GC heap before
{Heap before GC invocations=5 (full 1):
 def new generation   total 4992K, used 4906K [0x23470000, 0x239d0000, 0x289c0000)
  eden space 4480K, 100% used [0x23470000, 0x238d0000, 0x238d0000)
  from space 512K,  83% used [0x23950000, 0x239babb8, 0x239d0000)
  to   space 512K,   0% used [0x238d0000, 0x238d0000, 0x23950000)
 tenured generation   total 20164K, used 13274K [0x289c0000, 0x29d71000, 0x33470000)
   the space 20164K,  65% used [0x289c0000, 0x296b6978, 0x296b6a00, 0x29d71000)
 compacting perm gen  total 12288K, used 2414K [0x33470000, 0x34070000, 0x37470000)
   the space 12288K,  19% used [0x33470000, 0x336cb948, 0x336cba00, 0x34070000)
    ro space 10240K,  45% used [0x37470000, 0x378f9b28, 0x378f9c00, 0x37e70000)
    rw space 12288K,  54% used [0x37e70000, 0x384fd0e8, 0x384fd200, 0x38a70000)
Event: 8.633 GC heap after
Heap after GC invocations=6 (full 1):
 def new generation   total 4992K, used 478K [0x23470000, 0x239d0000, 0x289c0000)
  eden space 4480K,   0% used [0x23470000, 0x23470000, 0x238d0000)
  from space 512K,  93% used [0x238d0000, 0x23947a18, 0x23950000)
  to   space 512K,   0% used [0x23950000, 0x23950000, 0x239d0000)
 tenured generation   total 20164K, used 13636K [0x289c0000, 0x29d71000, 0x33470000)
   the space 20164K,  67% used [0x289c0000, 0x297110e8, 0x29711200, 0x29d71000)
 compacting perm gen  total 12288K, used 2414K [0x33470000, 0x34070000, 0x37470000)
   the space 12288K,  19% used [0x33470000, 0x336cb948, 0x336cba00, 0x34070000)
    ro space 10240K,  45% used [0x37470000, 0x378f9b28, 0x378f9c00, 0x37e70000)
    rw space 12288K,  54% used [0x37e70000, 0x384fd0e8, 0x384fd200, 0x38a70000)
}
Event: 8.678 GC heap before
{Heap before GC invocations=6 (full 1):
 def new generation   total 4992K, used 1913K [0x23470000, 0x239d0000, 0x289c0000)
  eden space 4480K,  32% used [0x23470000, 0x235d6bb0, 0x238d0000)
  from space 512K,  93% used [0x238d0000, 0x23947a18, 0x23950000)
  to   space 512K,   0% used [0x23950000, 0x23950000, 0x239d0000)
 tenured generation   total 20164K, used 13636K [0x289c0000, 0x29d71000, 0x33470000)
   the space 20164K,  67% used [0x289c0000, 0x297110e8, 0x29711200, 0x29d71000)
 compacting perm gen  total 12288K, used 2414K [0x33470000, 0x34070000, 0x37470000)
   the space 12288K,  19% used [0x33470000, 0x336cb948, 0x336cba00, 0x34070000)
    ro space 10240K,  45% used [0x37470000, 0x378f9b28, 0x378f9c00, 0x37e70000)
    rw space 12288K,  54% used [0x37e70000, 0x384fd0e8, 0x384fd200, 0x38a70000)
Event: 8.697 GC heap after
Heap after GC invocations=7 (full 2):
 def new generation   total 9152K, used 0K [0x23470000, 0x23e50000, 0x289c0000)
  eden space 8192K,   0% used [0x23470000, 0x23470000, 0x23c70000)
  from space 960K,   0% used [0x23c70000, 0x23c70000, 0x23d60000)
  to   space 960K,   0% used [0x23d60000, 0x23d60000, 0x23e50000)
 tenured generation   total 20164K, used 4448K [0x289c0000, 0x29d71000, 0x33470000)
   the space 20164K,  22% used [0x289c0000, 0x28e18280, 0x28e18400, 0x29d71000)
 compacting perm gen  total 12288K, used 2414K [0x33470000, 0x34070000, 0x37470000)
   the space 12288K,  19% used [0x33470000, 0x336cb948, 0x336cba00, 0x34070000)
    ro space 10240K,  45% used [0x37470000, 0x378f9b28, 0x378f9c00, 0x37e70000)
    rw space 12288K,  54% used [0x37e70000, 0x384fd0e8, 0x384fd200, 0x38a70000)
}
Event: 8.847 GC heap before
{Heap before GC invocations=7 (full 2):
 def new generation   total 9152K, used 8189K [0x23470000, 0x23e50000, 0x289c0000)
  eden space 8192K,  99% used [0x23470000, 0x23c6f580, 0x23c70000)
  from space 960K,   0% used [0x23c70000, 0x23c70000, 0x23d60000)
  to   space 960K,   0% used [0x23d60000, 0x23d60000, 0x23e50000)
 tenured generation   total 20164K, used 13664K [0x289c0000, 0x29d71000, 0x33470000)
   the space 20164K,  67% used [0x289c0000, 0x29718290, 0x29718400, 0x29d71000)
 compacting perm gen  total 12288K, used 2414K [0x33470000, 0x34070000, 0x37470000)
   the space 12288K,  19% used [0x33470000, 0x336cb948, 0x336cba00, 0x34070000)
    ro space 10240K,  45% used [0x37470000, 0x378f9b28, 0x378f9c00, 0x37e70000)
    rw space 12288K,  54% used [0x37e70000, 0x384fd0e8, 0x384fd200, 0x38a70000)
Event: 8.848 GC heap after
Heap after GC invocations=8 (full 2):
 def new generation   total 9152K, used 0K [0x23470000, 0x23e50000, 0x289c0000)
  eden space 8192K,   0% used [0x23470000, 0x23470000, 0x23c70000)
  from space 960K,   0% used [0x23d60000, 0x23d60140, 0x23e50000)
  to   space 960K,   0% used [0x23c70000, 0x23c70000, 0x23d60000)
 tenured generation   total 20164K, used 13664K [0x289c0000, 0x29d71000, 0x33470000)
   the space 20164K,  67% used [0x289c0000, 0x29718290, 0x29718400, 0x29d71000)
 compacting perm gen  total 12288K, used 2414K [0x33470000, 0x34070000, 0x37470000)
   the space 12288K,  19% used [0x33470000, 0x336cb948, 0x336cba00, 0x34070000)
    ro space 10240K,  45% used [0x37470000, 0x378f9b28, 0x378f9c00, 0x37e70000)
    rw space 12288K,  54% used [0x37e70000, 0x384fd0e8, 0x384fd200, 0x38a70000)
}

Deoptimization events (0 events):
No events

Internal exceptions (10 events):
Event: 1.576 Thread 0x03ee1000 Threw 0x2372a628 at C:\jdk7u2_32P\jdk7u25\hotspot\src\share\vm\prims\jvm.cpp:1235
Event: 1.579 Thread 0x03ee1000 Threw 0x2372ce28 at C:\jdk7u2_32P\jdk7u25\hotspot\src\share\vm\prims\jvm.cpp:1235
Event: 1.582 Thread 0x03ee1000 Threw 0x23730308 at C:\jdk7u2_32P\jdk7u25\hotspot\src\share\vm\prims\jvm.cpp:1235
Event: 7.828 Thread 0x03ee1000 Threw 0x237b5d08 at C:\jdk7u2_32P\jdk7u25\hotspot\src\share\vm\prims\jvm.cpp:1235
Event: 11.828 Thread 0x03ee1000 Threw 0x23b215a8 at C:\jdk7u2_32P\jdk7u25\hotspot\src\share\vm\prims\jvm.cpp:1235
Event: 11.832 Thread 0x03ee1000 Threw 0x23b23988 at C:\jdk7u2_32P\jdk7u25\hotspot\src\share\vm\prims\jvm.cpp:1235
Event: 11.834 Thread 0x03ee1000 Threw 0x23b25a38 at C:\jdk7u2_32P\jdk7u25\hotspot\src\share\vm\prims\jvm.cpp:1235
Event: 11.837 Thread 0x03ee1000 Threw 0x23b27b00 at C:\jdk7u2_32P\jdk7u25\hotspot\src\share\vm\prims\jvm.cpp:1235
Event: 14.727 Thread 0x03ee1000 Threw 0x23b614b8 at C:\jdk7u2_32P\jdk7u25\hotspot\src\share\vm\prims\jni.cpp:716
Event: 14.729 Thread 0x03ee1000 Threw 0x23b666c0 at C:\jdk7u2_32P\jdk7u25\hotspot\src\share\vm\prims\jni.cpp:716

Events (10 events):
Event: 14.729 loading class 0x38b11fa0
Event: 14.729 loading class 0x38b11fa0 done
Event: 14.729 loading class 0x38ab1bd8
Event: 14.729 loading class 0x38ab1bd8 done
Event: 14.729 loading class 0x38ab1b98
Event: 14.729 loading class 0x38ab1a58
Event: 14.729 loading class 0x38ab1a58 done
Event: 14.729 loading class 0x38ab1b98 done
Event: 14.730 loading class 0x38b76860
Event: 14.730 loading class 0x38b76860 done


Dynamic libraries:
0x00300000 - 0x0032f000 	C:\Program Files\Java\jdk1.7.0_25\jre\bin\java.exe
0x77110000 - 0x7724c000 	C:\Windows\SYSTEM32\ntdll.dll
0x76690000 - 0x76764000 	C:\Windows\system32\kernel32.dll
0x75310000 - 0x7535a000 	C:\Windows\system32\KERNELBASE.dll
0x76e60000 - 0x76f00000 	C:\Windows\system32\ADVAPI32.dll
0x767b0000 - 0x7685c000 	C:\Windows\system32\msvcrt.dll
0x76f00000 - 0x76f19000 	C:\Windows\SYSTEM32\sechost.dll
0x75730000 - 0x757d1000 	C:\Windows\system32\RPCRT4.dll
0x76f40000 - 0x77009000 	C:\Windows\system32\USER32.dll
0x76860000 - 0x768ae000 	C:\Windows\system32\GDI32.dll
0x76a50000 - 0x76a5a000 	C:\Windows\system32\LPK.dll
0x772a0000 - 0x7733d000 	C:\Windows\system32\USP10.dll
0x74120000 - 0x742be000 	C:\Windows\WinSxS\x86_microsoft.windows.common-controls_6595b64144ccf1df_6.0.7600.16385_none_421189da2b7fabfc\COMCTL32.dll
0x77010000 - 0x77067000 	C:\Windows\system32\SHLWAPI.dll
0x770f0000 - 0x7710f000 	C:\Windows\system32\IMM32.DLL
0x75660000 - 0x7572c000 	C:\Windows\system32\MSCTF.dll
0x6f040000 - 0x6f0fe000 	C:\Program Files\Java\jdk1.7.0_25\jre\bin\msvcr100.dll
0x6ea70000 - 0x6edb2000 	C:\Program Files\Java\jdk1.7.0_25\jre\bin\client\jvm.dll
0x6f100000 - 0x6f107000 	C:\Windows\system32\WSOCK32.dll
0x76770000 - 0x767a5000 	C:\Windows\system32\WS2_32.dll
0x76f20000 - 0x76f26000 	C:\Windows\system32\NSI.dll
0x71600000 - 0x71632000 	C:\Windows\system32\WINMM.dll
0x757e0000 - 0x757e5000 	C:\Windows\system32\PSAPI.DLL
0x6eff0000 - 0x6effc000 	C:\Program Files\Java\jdk1.7.0_25\jre\bin\verify.dll
0x6efd0000 - 0x6eff0000 	C:\Program Files\Java\jdk1.7.0_25\jre\bin\java.dll
0x6efb0000 - 0x6efc3000 	C:\Program Files\Java\jdk1.7.0_25\jre\bin\zip.dll
0x72d00000 - 0x72e44000 	C:\Program Files\Java\jdk1.7.0_25\jre\bin\awt.dll
0x76600000 - 0x7668f000 	C:\Windows\system32\OLEAUT32.dll
0x75850000 - 0x759ac000 	C:\Windows\system32\ole32.dll
0x73bd0000 - 0x73be3000 	C:\Windows\system32\DWMAPI.DLL
0x73eb0000 - 0x73ef0000 	C:\Windows\system32\uxtheme.dll
0x751b0000 - 0x751bc000 	C:\Windows\system32\CRYPTBASE.dll
0x759b0000 - 0x765f9000 	C:\Windows\system32\SHELL32.dll
0x73850000 - 0x73881000 	C:\Program Files\Java\jdk1.7.0_25\jre\bin\fontmanager.dll
0x73a40000 - 0x73a54000 	C:\Program Files\Java\jdk1.7.0_25\jre\bin\net.dll
0x74ca0000 - 0x74cdc000 	C:\Windows\system32\mswsock.dll
0x74c90000 - 0x74c96000 	C:\Windows\System32\wship6.dll
0x73a30000 - 0x73a3f000 	C:\Program Files\Java\jdk1.7.0_25\jre\bin\nio.dll
0x6fed0000 - 0x6fef5000 	C:\Program Files\Java\jdk1.7.0_25\jre\bin\jpeg.dll
0x6ff20000 - 0x6ff2a000 	C:\Program Files\Java\jdk1.7.0_25\jre\bin\jsound.dll
0x6ff30000 - 0x6ff39000 	C:\Program Files\Java\jdk1.7.0_25\jre\bin\jsoundds.dll
0x6ee10000 - 0x6ee82000 	C:\Windows\system32\DSOUND.dll
0x74070000 - 0x74095000 	C:\Windows\system32\POWRPROF.dll
0x768b0000 - 0x76a4d000 	C:\Windows\system32\SETUPAPI.dll
0x752e0000 - 0x75307000 	C:\Windows\system32\CFGMGR32.dll
0x75390000 - 0x753a2000 	C:\Windows\system32\DEVOBJ.dll
0x74030000 - 0x74069000 	C:\Windows\system32\MMDevAPI.DLL
0x73f30000 - 0x74025000 	C:\Windows\system32\PROPSYS.dll
0x6ef80000 - 0x6efb0000 	C:\Windows\system32\wdmaud.drv
0x6ef70000 - 0x6ef74000 	C:\Windows\system32\ksuser.dll
0x746f0000 - 0x746f7000 	C:\Windows\system32\AVRT.dll
0x6ef30000 - 0x6ef66000 	C:\Windows\system32\AUDIOSES.DLL
0x6ef00000 - 0x6ef08000 	C:\Windows\system32\msacm32.drv
0x6eee0000 - 0x6eef4000 	C:\Windows\system32\MSACM32.dll
0x6eed0000 - 0x6eed7000 	C:\Windows\system32\midimap.dll
0x76bd0000 - 0x76c53000 	C:\Windows\system32\CLBCatQ.DLL
0x74ce0000 - 0x74cf6000 	C:\Windows\system32\CRYPTSP.dll
0x74a80000 - 0x74abb000 	C:\Windows\system32\rsaenh.dll
0x748c0000 - 0x748d7000 	C:\Windows\system32\USERENV.dll
0x75260000 - 0x7526b000 	C:\Windows\system32\profapi.dll
0x736e0000 - 0x736f0000 	C:\Windows\system32\NLAapi.dll
0x74b60000 - 0x74ba4000 	C:\Windows\system32\DNSAPI.dll
0x6fa30000 - 0x6fa38000 	C:\Windows\System32\winrnr.dll
0x6fa20000 - 0x6fa30000 	C:\Windows\system32\napinsp.dll
0x6fa00000 - 0x6fa12000 	C:\Windows\system32\pnrpnsp.dll
0x746e0000 - 0x746e5000 	C:\Windows\System32\wshtcpip.dll
0x74830000 - 0x7484c000 	C:\Windows\system32\IPHLPAPI.DLL
0x74820000 - 0x74827000 	C:\Windows\system32\WINNSI.DLL
0x718c0000 - 0x718c6000 	C:\Windows\system32\rasadhlp.dll
0x73240000 - 0x73278000 	C:\Windows\System32\fwpuclnt.dll
0x70fd0000 - 0x70ff4000 	C:\Program Files\Java\jdk1.7.0_25\jre\bin\dcpr.dll
0x72ff0000 - 0x73020000 	C:\Program Files\Java\jdk1.7.0_25\jre\bin\t2k.dll
0x70b40000 - 0x70c2b000 	C:\Windows\system32\dbghelp.dll

VM Arguments:
jvm_args: -Dfile.encoding=UTF-8 -Djava.security.policy=applet.policy 
java_command: StartDesktop
Launcher Type: SUN_STANDARD

Environment Variables:
PATH=C:\Windows\system32;C:\Windows;C:\Windows\System32\Wbem;C:\Windows\System32\WindowsPowerShell\v1.0\
USERNAME=GOD
OS=Windows_NT
PROCESSOR_IDENTIFIER=x86 Family 6 Model 42 Stepping 7, GenuineIntel



---------------  S Y S T E M  ---------------

OS: Windows 7 Build 7600 

CPU:total 4 (4 cores per cpu, 1 threads per core) family 6 model 42 stepping 7, cmov, cx8, fxsr, mmx, sse, sse2, sse3, ssse3, tsc

Memory: 4k page, physical 3145272k(1938808k free), swap 6288780k(5164444k free)

vm_info: Java HotSpot(TM) Client VM (23.25-b01) for windows-x86 JRE (1.7.0_25-b17), built on Jun 21 2013 13:06:48 by "java_re" with unknown MS VC++:1600

time: Fri Jun 20 20:55:24 2014
elapsed time: 14 seconds

